TN:
SF:src\modules\auth\services\AuthenticateUserService.ts
FN:26,(anonymous_5)
FN:33,(anonymous_6)
FNF:2
FNH:2
FNDA:1,(anonymous_5)
FNDA:1,(anonymous_6)
DA:1,3
DA:2,3
DA:3,3
DA:4,3
DA:7,3
DA:8,3
DA:25,3
DA:28,1
DA:30,1
DA:34,1
DA:36,1
DA:37,0
DA:40,1
DA:42,1
DA:43,0
DA:46,1
DA:48,1
DA:53,1
DA:55,1
DA:56,1
DA:57,1
DA:59,1
DA:65,1
LF:23
LH:21
BRDA:36,0,0,0
BRDA:36,0,1,1
BRDA:42,1,0,0
BRDA:42,1,1,1
BRF:4
BRH:2
end_of_record
TN:
SF:src\modules\auth\services\RefreshTokenService.ts
FN:19,(anonymous_5)
FN:24,(anonymous_6)
FNF:2
FNH:0
FNDA:0,(anonymous_5)
FNDA:0,(anonymous_6)
DA:1,3
DA:2,3
DA:3,3
DA:5,3
DA:6,3
DA:18,3
DA:21,0
DA:25,0
DA:27,0
DA:28,0
DA:31,0
DA:33,0
DA:34,0
DA:37,0
DA:39,0
DA:44,0
DA:47,0
DA:49,0
DA:50,0
DA:51,0
DA:53,0
DA:59,0
LF:22
LH:6
BRDA:27,0,0,0
BRDA:27,0,1,0
BRDA:31,1,0,0
BRDA:31,1,1,0
BRF:4
BRH:0
end_of_record
TN:
SF:src\modules\auth\useCases\authenticateUser\AuthenticateUserController.ts
FN:7,(anonymous_0)
FNF:1
FNH:0
FNDA:0,(anonymous_0)
DA:2,0
DA:3,0
DA:4,0
DA:8,0
DA:13,0
DA:15,0
DA:17,0
DA:22,0
DA:26,0
LF:9
LH:0
BRF:0
BRH:0
end_of_record
TN:
SF:src\modules\auth\useCases\authenticateUser\AuthenticateUserUseCase.ts
FN:23,(anonymous_5)
FN:28,(anonymous_6)
FNF:2
FNH:0
FNDA:0,(anonymous_5)
FNDA:0,(anonymous_6)
DA:1,0
DA:2,0
DA:3,0
DA:5,0
DA:6,0
DA:21,0
DA:22,0
DA:25,0
DA:29,0
DA:31,0
DA:32,0
DA:35,0
DA:37,0
DA:38,0
DA:41,0
DA:43,0
DA:48,0
DA:50,0
DA:60,0
LF:19
LH:0
BRDA:31,0,0,0
BRDA:31,0,1,0
BRDA:37,1,0,0
BRDA:37,1,1,0
BRF:4
BRH:0
end_of_record
TN:
SF:src\modules\orders\services\EnqueueOrderProcessingService.ts
FN:10,(anonymous_1)
FNF:1
FNH:0
FNDA:0,(anonymous_1)
DA:1,0
DA:2,0
DA:9,0
DA:11,0
LF:4
LH:0
BRF:0
BRH:0
end_of_record
TN:
SF:src\modules\products\services\ListProductsService.ts
FN:6,(anonymous_4)
FN:11,(anonymous_5)
FNF:2
FNH:0
FNDA:0,(anonymous_4)
FNDA:0,(anonymous_5)
DA:1,0
DA:5,0
DA:8,0
DA:12,0
LF:4
LH:0
BRF:0
BRH:0
end_of_record
TN:
SF:src\modules\products\useCases\listProducts\ListProductsController.ts
FN:6,(anonymous_0)
FNF:1
FNH:1
FNDA:1,(anonymous_0)
DA:2,3
DA:3,3
DA:7,1
DA:8,1
DA:9,1
DA:13,3
LF:6
LH:6
BRF:0
BRH:0
end_of_record
TN:
SF:src\modules\products\useCases\listProducts\ListProductsUseCase.ts
FN:7,(anonymous_4)
FN:14,(anonymous_5)
FNF:2
FNH:2
FNDA:1,(anonymous_4)
FNDA:1,(anonymous_5)
DA:1,3
DA:5,3
DA:6,3
DA:9,1
DA:11,1
DA:15,1
DA:17,1
DA:19,1
DA:20,0
DA:23,1
DA:25,1
DA:27,1
DA:31,3
LF:13
LH:12
BRDA:19,0,0,0
BRDA:19,0,1,1
BRF:2
BRH:1
end_of_record
TN:
SF:src\modules\users\services\CreateUserService.ts
FN:13,(anonymous_4)
FN:18,(anonymous_5)
FNF:2
FNH:0
FNDA:0,(anonymous_4)
FNDA:0,(anonymous_5)
DA:1,0
DA:2,0
DA:5,0
DA:12,0
DA:15,0
DA:19,0
DA:21,0
DA:22,0
DA:25,0
DA:27,0
DA:35,0
LF:11
LH:0
BRDA:21,0,0,0
BRDA:21,0,1,0
BRF:2
BRH:0
end_of_record
TN:
SF:src\modules\users\useCases\createUser\CreateUserController.ts
FN:7,(anonymous_0)
FNF:1
FNH:1
FNDA:2,(anonymous_0)
DA:2,3
DA:3,3
DA:4,3
DA:8,2
DA:16,2
DA:18,2
DA:20,2
DA:28,2
DA:30,2
DA:40,3
LF:10
LH:10
BRF:0
BRH:0
end_of_record
TN:
SF:src\modules\users\useCases\createUser\CreateUserUseCase.ts
FN:13,(anonymous_4)
FN:18,(anonymous_5)
FNF:2
FNH:2
FNDA:2,(anonymous_4)
FNDA:2,(anonymous_5)
DA:1,3
DA:2,3
DA:5,3
DA:11,3
DA:12,3
DA:15,2
DA:19,2
DA:21,2
DA:22,0
DA:25,2
DA:27,2
DA:35,2
DA:39,3
LF:13
LH:12
BRDA:21,0,0,0
BRDA:21,0,1,2
BRF:2
BRH:1
end_of_record
